Diagnose log at 2025-12-04T14:26:44Z

AppPath: C:\Program Files\Git\mingw64\bin\git-credential-manager.exe
InstallDir: C:\Program Files\Git\mingw64\bin\
Version: 2.6.1+786ab03440ddc82e807a97c0e540f5247e44cec6

------------
Diagnostic: Environment
Skipped: False
Success: True
Exception: None
Log:
OSType: Windows
OSVersion: 10.0 (build 19045)
Reading environment variables... OK
 Variables:
HOMEPATH=\Users\abinm
DriverData=C:\Windows\System32\Drivers\DriverData
COMPUTERNAME=LAPTOP-0T1C3N5I
GIT_TRACE2_PARENT_SID=fcaa329c-9640-4a10-9bba-252eca210749
CommonProgramFiles(x86)=C:\Program Files (x86)\Common Files
OneDrive=C:\Users\abinm\OneDrive
ChocolateyLastPathUpdate=133979175770364900
ChocolateyToolsLocation=C:\tools
SESSIONNAME=Console
LANG=en_US.UTF-8
TMP=C:\Users\abinm\AppData\Local\Temp
PROCESSOR_REVISION=8c01
PATHEXT=.COM;.EXE;.BAT;.CMD;.VBS;.VBE;.JS;.JSE;.WSF;.WSH;.MSC;.PY;.CPL
GIT_ASKPASS=c:\Users\abinm\AppData\Local\Programs\Microsoft VS Code\resources\app\extensions\git\dist\askpass.sh
GIT_EXEC_PATH=C:/Program Files/Git/mingw64/libexec/git-core
TEMP=C:\Users\abinm\AppData\Local\Temp
LOCALAPPDATA=C:\Users\abinm\AppData\Local
MSYSTEM=MINGW64
TERM=xterm-256color
ProgramW6432=C:\Program Files
SDL_AUDIODRIVER=directsound
JAVA_HOME=C:\Program Files\Java\jdk-18.0.2.1
USERDOMAIN=LAPTOP-0T1C3N5I
ProgramFiles(x86)=C:\Program Files (x86)
Path=C:/Program Files/Git/mingw64/libexec/git-core;C:\Program Files\Git\mingw64\bin;C:\Program Files\Git\usr\bin;C:\Users\abinm\bin;C:\Program Files\Common Files\Oracle\Java\javapath;C:\Windows\system32;C:\Windows;C:\Windows\System32\Wbem;C:\Windows\System32\WindowsPowerShell\v1.0\;C:\Windows\System32\OpenSSH\;C:\ProgramData\chocolatey\bin;C:\Program Files\nodejs\;C:\Program Files\Git\cmd;C:\platform-tools;C:\flutter\bin;C:\Android\cmdline-tools\bin;C:\flutter\bin;C:\Users\abinm\AppData\Local\Microsoft\WindowsApps;C:\Users\abinm\AppData\Local\Programs\Microsoft VS Code\bin;C:\Users\abinm\AppData\Roaming\npm;C:\tools\dart-sdk\bin;C:\Users\abinm\AppData\Local\Pub\Cache\bin;
TERM_PROGRAM=vscode
PROCESSOR_LEVEL=6
PROCESSOR_IDENTIFIER=Intel64 Family 6 Model 140 Stepping 1, GenuineIntel
TMPDIR=C:\Users\abinm\AppData\Local\Temp
VSCODE_GIT_ASKPASS_EXTRA_ARGS=
TERM_PROGRAM_VERSION=1.106.2
VSCODE_GIT_ASKPASS_MAIN=c:\Users\abinm\AppData\Local\Programs\Microsoft VS Code\resources\app\extensions\git\dist\askpass-main.js
PSModulePath=C:\Users\abinm\OneDrive\Documents\WindowsPowerShell\Modules;C:\Program Files\WindowsPowerShell\Modules;C:\Windows\system32\WindowsPowerShell\v1.0\Modules
PUBLIC=C:\Users\Public
NUMBER_OF_PROCESSORS=4
FPS_BROWSER_USER_PROFILE_STRING=Default
CommonProgramFiles=C:\Program Files (x86)\Common Files
VSCODE_INJECTION=1
VSCODE_NONCE=2e15bf73-cf26-48ea-bbbf-7f59ae11f74d
VSCODE_GIT_IPC_HANDLE=\\.\pipe\vscode-git-697addcc34-sock
CHROME_CRASHPAD_PIPE_NAME=\\.\pipe\crashpad_3036_EUKJGRTYMUZGQBVV
PLINK_PROTOCOL=ssh
ProgramData=C:\ProgramData
ProgramFiles=C:\Program Files (x86)
ChocolateyInstall=C:\ProgramData\chocolatey
VSCODE_GIT_ASKPASS_NODE=C:\Users\abinm\AppData\Local\Programs\Microsoft VS Code\Code.exe
SystemRoot=C:\Windows
ORIGINAL_XDG_CURRENT_DESKTOP=undefined
HOME=C:\Users\abinm
VSCODE_STABLE=1
CommonProgramW6432=C:\Program Files\Common Files
ZES_ENABLE_SYSMAN=1
LOGONSERVER=\\LAPTOP-0T1C3N5I
USERPROFILE=C:\Users\abinm
COLORTERM=truecolor
USERDOMAIN_ROAMINGPROFILE=LAPTOP-0T1C3N5I
APPDATA=C:\Users\abinm\AppData\Roaming
HOMEDRIVE=C:
VSCODE_A11Y_MODE=0
USERNAME=abinm
PROCESSOR_ARCHITEW6432=AMD64
FPS_BROWSER_APP_PROFILE_STRING=Internet Explorer
PROCESSOR_ARCHITECTURE=x86
OS=Windows_NT
ComSpec=C:\Windows\system32\cmd.exe
SystemDrive=C:
windir=C:\Windows
OneDriveConsumer=C:\Users\abinm\OneDrive
ALLUSERSPROFILE=C:\ProgramData


------------
Diagnostic: File system
Skipped: False
Success: True
Exception: None
Log:
Temporary directory is 'C:\Users\abinm\AppData\Local\Temp\'...
Checking basic file I/O...
Writing to temporary file 'C:\Users\abinm\AppData\Local\Temp\bdca4289ab400b8c257a9b09'... OK
Reading from temporary file 'C:\Users\abinm\AppData\Local\Temp\bdca4289ab400b8c257a9b09'... OK
Deleting temporary file 'C:\Users\abinm\AppData\Local\Temp\bdca4289ab400b8c257a9b09'... OK
Testing IFileSystem instance...
UserHomePath: C:\Users\abinm
UserDataDirectoryPath: C:\Users\abinm\.gcm
GetCurrentDirectory(): C:\my projects\java

------------
Diagnostic: Networking
Skipped: False
Success: True
Exception: None
Log:
Checking networking and HTTP stack...
Creating HTTP client... OK
IsNetworkAvailable: True
Sending HEAD request to http://example.com...Sending HEAD request to https://example.com... OK
 OK
Acquiring free TCP port... OK
Testing local HTTP loopback connections...
Creating new HTTP listener for http://localhost:50533/... OK
Waiting for loopback connection... OK
Writing response... OK
Waiting for response data... OK
Loopback connection data OK

------------
Diagnostic: Git
Skipped: False
Success: True
Exception: None
Log:
Getting Git version... OK
Git version is '2.50.1.windows.1'
Locating current repository...Not inside a Git repository.
 OK
Listing all Git configuration... OK
Git configuration:
file:C:/Program Files/Git/etc/gitconfig	diff.astextplain.textconv=astextplain
file:C:/Program Files/Git/etc/gitconfig	filter.lfs.clean=git-lfs clean -- %f
file:C:/Program Files/Git/etc/gitconfig	filter.lfs.smudge=git-lfs smudge -- %f
file:C:/Program Files/Git/etc/gitconfig	filter.lfs.process=git-lfs filter-process
file:C:/Program Files/Git/etc/gitconfig	filter.lfs.required=true
file:C:/Program Files/Git/etc/gitconfig	http.sslbackend=openssl
file:C:/Program Files/Git/etc/gitconfig	http.sslcainfo=C:/Program Files/Git/mingw64/etc/ssl/certs/ca-bundle.crt
file:C:/Program Files/Git/etc/gitconfig	core.autocrlf=true
file:C:/Program Files/Git/etc/gitconfig	core.fscache=true
file:C:/Program Files/Git/etc/gitconfig	core.symlinks=false
file:C:/Program Files/Git/etc/gitconfig	pull.rebase=false
file:C:/Program Files/Git/etc/gitconfig	credential.helper=manager
file:C:/Program Files/Git/etc/gitconfig	credential.https://dev.azure.com.usehttppath=true
file:C:/Program Files/Git/etc/gitconfig	init.defaultbranch=master
file:C:/Users/abinm/.gitconfig	core.editor="C:\Users\abinm\AppData\Local\Programs\Microsoft VS Code\bin\code" --wait
file:C:/Users/abinm/.gitconfig	user.email=sebumappu@gmail.com
file:C:/Users/abinm/.gitconfig	user.name=abin-007


------------
Diagnostic: Credential storage
Skipped: False
Success: True
Exception: None
Log:
ICredentialStore instance is of type: CredentialStore
Writing test credential... OK
Reading test credential... OK
Deleting test credential... OK

------------
Diagnostic: Microsoft authentication (AAD/MSA)
Skipped: False
Success: True
Exception: None
Log:
Broker is not enabled.
Flow type is: Auto
Gathering MSAL token cache data... OK
CacheDirectory: C:\Users\abinm\AppData\Local\.IdentityService
CacheFileName: msal.cache
CacheFilePath: C:\Users\abinm\AppData\Local\.IdentityService\msal.cache
Creating cache helper... OK
Verifying MSAL token cache persistence... OK

------------
Diagnostic: GitHub API
Skipped: False
Success: True
Exception: None
Log:
Using 'https://github.com/' as API target.
Querying '/meta' endpoint... OK

